nohup: ignoring input
2026-05-11 11:36:09 [INFO] 설정 로드 완료: db=ev_charger, zcode=11, numOfRows=9999, statusPeriod=10분, interval=10분, refreshMasterOnStart=True, masterDailyRefresh=True, masterRefreshHourKst=4
2026-05-11 11:36:09 [INFO] MongoDB 연결 성공
2026-05-11 11:36:09 [INFO] MongoDB 인덱스 생성 시작
2026-05-11 11:36:09 [INFO] MongoDB 인덱스 생성 완료
2026-05-11 11:36:09 [INFO] MongoDB 연결 성공
2026-05-11 11:36:09 [INFO] MongoDB 인덱스 생성 시작
2026-05-11 11:36:09 [INFO] MongoDB 인덱스 생성 완료
2026-05-11 11:36:09 [INFO] 기본정보 수집 시작: zcode=11
2026-05-11 11:36:09 [INFO] API 요청: endpoint=getChargerInfo, params={'pageNo': 1, 'numOfRows': 9999, 'zcode': '11'}, attempt=1
2026-05-11 11:36:19 [INFO] 페이지 수집 완료: endpoint=getChargerInfo, pageNo=1, pageItems=9999, accumulated=9999, totalCount=74255
2026-05-11 11:36:19 [INFO] API 요청: endpoint=getChargerInfo, params={'pageNo': 2, 'numOfRows': 9999, 'zcode': '11'}, attempt=1
2026-05-11 11:36:29 [INFO] 페이지 수집 완료: endpoint=getChargerInfo, pageNo=2, pageItems=9999, accumulated=19998, totalCount=74255
2026-05-11 11:36:29 [INFO] API 요청: endpoint=getChargerInfo, params={'pageNo': 3, 'numOfRows': 9999, 'zcode': '11'}, attempt=1
2026-05-11 11:36:40 [INFO] 페이지 수집 완료: endpoint=getChargerInfo, pageNo=3, pageItems=9999, accumulated=29997, totalCount=74255
2026-05-11 11:36:40 [INFO] API 요청: endpoint=getChargerInfo, params={'pageNo': 4, 'numOfRows': 9999, 'zcode': '11'}, attempt=1
2026-05-11 11:36:49 [INFO] 페이지 수집 완료: endpoint=getChargerInfo, pageNo=4, pageItems=9999, accumulated=39996, totalCount=74255
2026-05-11 11:36:49 [INFO] API 요청: endpoint=getChargerInfo, params={'pageNo': 5, 'numOfRows': 9999, 'zcode': '11'}, attempt=1
2026-05-11 11:36:52 [INFO] 페이지 수집 완료: endpoint=getChargerInfo, pageNo=5, pageItems=9999, accumulated=49995, totalCount=74255
2026-05-11 11:36:52 [INFO] API 요청: endpoint=getChargerInfo, params={'pageNo': 6, 'numOfRows': 9999, 'zcode': '11'}, attempt=1
2026-05-11 11:36:56 [INFO] 페이지 수집 완료: endpoint=getChargerInfo, pageNo=6, pageItems=9999, accumulated=59994, totalCount=74255
2026-05-11 11:36:56 [INFO] API 요청: endpoint=getChargerInfo, params={'pageNo': 7, 'numOfRows': 9999, 'zcode': '11'}, attempt=1
2026-05-11 11:36:59 [INFO] 페이지 수집 완료: endpoint=getChargerInfo, pageNo=7, pageItems=9999, accumulated=69993, totalCount=74255
2026-05-11 11:36:59 [INFO] API 요청: endpoint=getChargerInfo, params={'pageNo': 8, 'numOfRows': 9999, 'zcode': '11'}, attempt=1
2026-05-11 11:37:02 [INFO] 페이지 수집 완료: endpoint=getChargerInfo, pageNo=8, pageItems=4262, accumulated=74255, totalCount=74255
2026-05-11 11:37:25 [INFO] 기본정보 수집 종료: {'rawCount': 74255, 'operationCount': 74255, 'skipped': 0, 'matched': 74255, 'modified': 74255, 'upserted': 0, 'currentSeedMatched': 74255, 'currentSeedUpserted': 0}
2026-05-11 11:37:25 [INFO] Adding job tentatively -- it will be properly scheduled when the scheduler starts
2026-05-11 11:37:25 [INFO] Adding job tentatively -- it will be properly scheduled when the scheduler starts
2026-05-11 11:37:25 [INFO] 기본정보 일 1회 갱신 예약: 매일 KST 04:00
2026-05-11 11:37:25 [INFO] 스케줄러 시작: interval=10분
2026-05-11 11:37:25 [INFO] Added job "Collect EV charger status every interval" to job store "default"
2026-05-11 11:37:25 [INFO] Added job "Refresh EV charger master daily" to job store "default"
2026-05-11 11:37:25 [INFO] Scheduler started
2026-05-11 11:37:25 [INFO] Running job "Collect EV charger status every interval (trigger: interval[0:10:00], next run at: 2026-05-11 20:37:25 UTC+09:00)" (scheduled at 2026-05-11 20:37:25.317897+09:00)
2026-05-11 11:37:25 [INFO] 상태정보 수집 시작: zcode=11, period=10, bucket=2026-05-11T11:30:00+00:00
2026-05-11 11:37:25 [INFO] API 요청: endpoint=getChargerStatus, params={'pageNo': 1, 'numOfRows': 9999, 'zcode': '11', 'period': 10}, attempt=1
2026-05-11 11:37:25 [INFO] 페이지 수집 완료: endpoint=getChargerStatus, pageNo=1, pageItems=1834, accumulated=1834, totalCount=1834
2026-05-11 11:37:26 [INFO] 상태정보 수집 종료: {'rawCount': 1834, 'operationCount': 1834, 'skipped': 0, 'matchedDuplicate': 1516, 'insertedNew': 318, 'bucket': '2026-05-11T11:30:00+00:00'}
2026-05-11 11:37:26 [INFO] 현재상태 갱신 완료: {'operationCount': 1834, 'matched': 1834, 'modified': 1834, 'upserted': 0}
2026-05-11 11:37:26 [INFO] 기본 통계 생성 완료: {'created': True, 'bucket': '2026-05-11T11:30:00+00:00', 'totalChargers': 2589, 'statusCounts': {'1': 191, '2': 1523, '3': 807, '4': 8, '5': 11, '9': 49}, 'zcodeCounts': {'11': 2589}}
2026-05-11 11:37:26 [INFO] 현재상태 통계 생성 완료: {'created': True, 'bucket': '2026-05-11T11:30:00+00:00', 'totalChargers': 74263, 'statusCounts': {'1': 1908, '2': 57803, '3': 11972, '4': 167, '5': 212, '9': 2201}}
2026-05-11 11:37:26 [INFO] Job "Collect EV charger status every interval (trigger: interval[0:10:00], next run at: 2026-05-11 20:47:25 UTC+09:00)" executed successfully
